<?xml version="1.0" encoding="UTF-8"?>
<!-- Generated by org.testng.reporters.JUnitXMLReporter -->
<testsuite ignored="0" hostname="JOD0126L" failures="0" tests="3" name="Default test" time="4.444" errors="0" timestamp="2022-11-22T09:41:39 AST">
  <testcase classname="testngFirstPractice.HTML" name="sort_items_low_to_high" time="0.285"/>
  <testcase classname="testngFirstPractice.HTML" name="check_high_to_low" time="0.001"/>
  <testcase classname="testngFirstPractice.HTML" name="check_add_to_cart_process" time="0.0"/>
</testsuite> <!-- Default test -->
