<?xml version="1.0" encoding="UTF-8"?>
<testng-results ignored="0" total="3" passed="3" failed="0" skipped="0">
  <reporter-output>
  </reporter-output>
  <suite started-at="2022-11-22T09:41:35 AST" name="Default suite" finished-at="2022-11-22T09:41:39 AST" duration-ms="4444">
    <groups>
    </groups>
    <test started-at="2022-11-22T09:41:35 AST" name="Default test" finished-at="2022-11-22T09:41:39 AST" duration-ms="4444">
      <class name="testngFirstPractice.HTML">
        <test-method is-config="true" signature="login()[pri:0, instance:testngFirstPractice.HTML@17497425]" started-at="2022-11-22T09:41:35 AST" name="login" finished-at="2022-11-22T09:41:39 AST" duration-ms="4127" status="PASS">
          <reporter-output>
          </reporter-output>
        </test-method> <!-- login -->
        <test-method signature="sort_items_low_to_high()[pri:1, instance:testngFirstPractice.HTML@17497425]" started-at="2022-11-22T09:41:39 AST" name="sort_items_low_to_high" finished-at="2022-11-22T09:41:39 AST" duration-ms="285" status="PASS">
          <reporter-output>
          </reporter-output>
        </test-method> <!-- sort_items_low_to_high -->
        <test-method signature="check_high_to_low()[pri:2, instance:testngFirstPractice.HTML@17497425]" started-at="2022-11-22T09:41:39 AST" name="check_high_to_low" finished-at="2022-11-22T09:41:39 AST" duration-ms="1" status="PASS">
          <reporter-output>
          </reporter-output>
        </test-method> <!-- check_high_to_low -->
        <test-method signature="check_add_to_cart_process()[pri:3, instance:testngFirstPractice.HTML@17497425]" started-at="2022-11-22T09:41:39 AST" name="check_add_to_cart_process" finished-at="2022-11-22T09:41:39 AST" duration-ms="0" status="PASS">
          <reporter-output>
          </reporter-output>
        </test-method> <!-- check_add_to_cart_process -->
      </class> <!-- testngFirstPractice.HTML -->
    </test> <!-- Default test -->
  </suite> <!-- Default suite -->
</testng-results>
