<?xml version="1.0" encoding="UTF-8"?>
<testng-results ignored="0" total="1" passed="1" failed="0" skipped="0">
  <reporter-output>
  </reporter-output>
  <suite started-at="2022-11-15T11:27:43 AST" name="Default suite" finished-at="2022-11-15T11:27:53 AST" duration-ms="9764">
    <groups>
    </groups>
    <test started-at="2022-11-15T11:27:43 AST" name="Default test" finished-at="2022-11-15T11:27:53 AST" duration-ms="9764">
      <class name="testngFirstPractice.TestngFirstPractice">
        <test-method is-config="true" signature="login()[pri:0, instance:testngFirstPractice.TestngFirstPractice@3c7f66c4]" started-at="2022-11-15T11:27:43 AST" name="login" finished-at="2022-11-15T11:27:53 AST" duration-ms="9724" status="PASS">
          <reporter-output>
          </reporter-output>
        </test-method> <!-- login -->
        <test-method signature="test_Title()[pri:0, instance:testngFirstPractice.TestngFirstPractice@3c7f66c4]" started-at="2022-11-15T11:27:53 AST" name="test_Title" finished-at="2022-11-15T11:27:53 AST" duration-ms="13" status="PASS">
          <reporter-output>
          </reporter-output>
        </test-method> <!-- test_Title -->
      </class> <!-- testngFirstPractice.TestngFirstPractice -->
    </test> <!-- Default test -->
  </suite> <!-- Default suite -->
</testng-results>
